<?xml version="1.0" encoding="UTF-8"?>
<!-- Generated by org.testng.reporters.JUnitXMLReporter -->
<testsuite ignored="0" hostname="DESKTOP" failures="0" tests="9" name="Sample test" time="0.297" errors="0" timestamp="07 דצמ׳ 2020 08:38:43 GMT">
  <testcase classname="Test.TestCd" name="lsTestCdFile" time="0.0"/>
  <testcase classname="Test.TestLs" name="lsVerify1Dir" time="0.016"/>
  <testcase classname="Test.TestMkdir" name="lsVerify1Dir" time="0.0"/>
  <testcase classname="Test.TestTouch" name="lsVerify1Dir" time="0.0"/>
  <testcase classname="Test.TestCd" name="lsTestCd" time="0.016"/>
  <testcase classname="Test.TestLs" name="lsTestCreatFile" time="0.0"/>
  <testcase classname="Test.TestMkdir" name="VerifySeveralDirs" time="0.015"/>
  <testcase classname="Test.TestMkdir" name="lsVerify1CdCommand" time="0.0"/>
  <testcase classname="Test.TestTouch" name="VerifySeveralDirs" time="0.016"/>
</testsuite> <!-- Sample test -->
